-b /home/nicomic/split/Position01/bf_vcellid.txt -f /home/nicomic/split/Position01/fl_vcellid.txt -o /home/nicomic/split/Position01/out -p /home/nicomic/split/Position01/parameters_vcellid_out.txt
-b /home/nicomic/split/Position02/bf_vcellid.txt -f /home/nicomic/split/Position02/fl_vcellid.txt -o /home/nicomic/split/Position02/out -p /home/nicomic/split/Position02/parameters_vcellid_out.txt
-b /tmp/VCell8077/bf_vctest.txt -f /tmp/VCell8077/fl_vctest.txt -o /tmp/VCell8077/out -p /tmp/VCell8077/parameters.txt --bf-as-fl
-b /home/nicomic/split_vcellid/Position01/bf_vcellid.txt -f /home/nicomic/split_vcellid/Position01/fl_vcellid.txt -o /home/nicomic/split_vcellid/Position01/out -p /home/nicomic/split_vcellid/Position01/parameters_vcellid_out.txt
-b /home/nicomic/split_vcellid/Position02/bf_vcellid.txt -f /home/nicomic/split_vcellid/Position02/fl_vcellid.txt -o /home/nicomic/split_vcellid/Position02/out -p /home/nicomic/split_vcellid/Position02/parameters_vcellid_out.txt
-b /tmp/VCell8976/bf_vctest.txt -f /tmp/VCell8976/fl_vctest.txt -o /tmp/VCell8976/out -p /tmp/VCell8976/parameters.txt --bf-as-fl
-b /home/nicomic/split_all/Position01/bf_vcellid.txt -f /home/nicomic/split_all/Position01/fl_vcellid.txt -o /home/nicomic/split_all/Position01/out -p /home/nicomic/split_all/Position01/parameters_vcellid_out.txt
-b /tmp/VCell3617/bf_vctest.txt -f /tmp/VCell3617/fl_vctest.txt -o /tmp/VCell3617/out -p /tmp/VCell3617/parameters.txt --bf-as-fl
-b /home/nicomic/split_all/01_10/Position01/bf_vcellid.txt -f /home/nicomic/split_all/01_10/Position01/fl_vcellid.txt -o /home/nicomic/split_all/01_10/Position01/out -p /home/nicomic/split_all/01_10/Position01/parameters_vcellid_out.txt
-b /home/nicomic/split_all/11_20/Position11/bf_vcellid.txt -f /home/nicomic/split_all/11_20/Position11/fl_vcellid.txt -o /home/nicomic/split_all/11_20/Position11/out -p /home/nicomic/split_all/11_20/Position11/parameters_vcellid_out.txt
-b /home/nicomic/split_all/21_30/Position21/bf_vcellid.txt -f /home/nicomic/split_all/21_30/Position21/fl_vcellid.txt -o /home/nicomic/split_all/21_30/Position21/out -p /home/nicomic/split_all/21_30/Position21/parameters_vcellid_out.txt
-b /home/nicomic/split_all/41_48/Position41/bf_vcellid.txt -f /home/nicomic/split_all/41_48/Position41/fl_vcellid.txt -o /home/nicomic/split_all/41_48/Position41/out -p /home/nicomic/split_all/41_48/Position41/parameters_vcellid_out.txt
-b /home/nicomic/split_all/31_40/Position31/bf_vcellid.txt -f /home/nicomic/split_all/31_40/Position31/fl_vcellid.txt -o /home/nicomic/split_all/31_40/Position31/out -p /home/nicomic/split_all/31_40/Position31/parameters_vcellid_out.txt
-b /home/nicomic/split_all/41_48/Position42/bf_vcellid.txt -f /home/nicomic/split_all/41_48/Position42/fl_vcellid.txt -o /home/nicomic/split_all/41_48/Position42/out -p /home/nicomic/split_all/41_48/Position42/parameters_vcellid_out.txt
-b /home/nicomic/split_all/11_20/Position12/bf_vcellid.txt -f /home/nicomic/split_all/11_20/Position12/fl_vcellid.txt -o /home/nicomic/split_all/11_20/Position12/out -p /home/nicomic/split_all/11_20/Position12/parameters_vcellid_out.txt
-b /home/nicomic/split_all/21_30/Position22/bf_vcellid.txt -f /home/nicomic/split_all/21_30/Position22/fl_vcellid.txt -o /home/nicomic/split_all/21_30/Position22/out -p /home/nicomic/split_all/21_30/Position22/parameters_vcellid_out.txt
-b /home/nicomic/split_all/01_10/Position02/bf_vcellid.txt -f /home/nicomic/split_all/01_10/Position02/fl_vcellid.txt -o /home/nicomic/split_all/01_10/Position02/out -p /home/nicomic/split_all/01_10/Position02/parameters_vcellid_out.txt
-b /home/nicomic/split_all/31_40/Position32/bf_vcellid.txt -f /home/nicomic/split_all/31_40/Position32/fl_vcellid.txt -o /home/nicomic/split_all/31_40/Position32/out -p /home/nicomic/split_all/31_40/Position32/parameters_vcellid_out.txt
-b /home/nicomic/split_all/41_48/Position43/bf_vcellid.txt -f /home/nicomic/split_all/41_48/Position43/fl_vcellid.txt -o /home/nicomic/split_all/41_48/Position43/out -p /home/nicomic/split_all/41_48/Position43/parameters_vcellid_out.txt
-b /home/nicomic/split_all/21_30/Position23/bf_vcellid.txt -f /home/nicomic/split_all/21_30/Position23/fl_vcellid.txt -o /home/nicomic/split_all/21_30/Position23/out -p /home/nicomic/split_all/21_30/Position23/parameters_vcellid_out.txt
-b /home/nicomic/split_all/11_20/Position13/bf_vcellid.txt -f /home/nicomic/split_all/11_20/Position13/fl_vcellid.txt -o /home/nicomic/split_all/11_20/Position13/out -p /home/nicomic/split_all/11_20/Position13/parameters_vcellid_out.txt
-b /home/nicomic/split_all/31_40/Position33/bf_vcellid.txt -f /home/nicomic/split_all/31_40/Position33/fl_vcellid.txt -o /home/nicomic/split_all/31_40/Position33/out -p /home/nicomic/split_all/31_40/Position33/parameters_vcellid_out.txt
-b /home/nicomic/split_all/41_48/Position44/bf_vcellid.txt -f /home/nicomic/split_all/41_48/Position44/fl_vcellid.txt -o /home/nicomic/split_all/41_48/Position44/out -p /home/nicomic/split_all/41_48/Position44/parameters_vcellid_out.txt
-b /home/nicomic/split_all/01_10/Position03/bf_vcellid.txt -f /home/nicomic/split_all/01_10/Position03/fl_vcellid.txt -o /home/nicomic/split_all/01_10/Position03/out -p /home/nicomic/split_all/01_10/Position03/parameters_vcellid_out.txt
-b /home/nicomic/split_all/41_48/Position45/bf_vcellid.txt -f /home/nicomic/split_all/41_48/Position45/fl_vcellid.txt -o /home/nicomic/split_all/41_48/Position45/out -p /home/nicomic/split_all/41_48/Position45/parameters_vcellid_out.txt
-b /home/nicomic/split_all/31_40/Position34/bf_vcellid.txt -f /home/nicomic/split_all/31_40/Position34/fl_vcellid.txt -o /home/nicomic/split_all/31_40/Position34/out -p /home/nicomic/split_all/31_40/Position34/parameters_vcellid_out.txt
-b /home/nicomic/split_all/21_30/Position24/bf_vcellid.txt -f /home/nicomic/split_all/21_30/Position24/fl_vcellid.txt -o /home/nicomic/split_all/21_30/Position24/out -p /home/nicomic/split_all/21_30/Position24/parameters_vcellid_out.txt
-b /home/nicomic/split_all/01_10/Position04/bf_vcellid.txt -f /home/nicomic/split_all/01_10/Position04/fl_vcellid.txt -o /home/nicomic/split_all/01_10/Position04/out -p /home/nicomic/split_all/01_10/Position04/parameters_vcellid_out.txt
-b /home/nicomic/split_all/11_20/Position14/bf_vcellid.txt -f /home/nicomic/split_all/11_20/Position14/fl_vcellid.txt -o /home/nicomic/split_all/11_20/Position14/out -p /home/nicomic/split_all/11_20/Position14/parameters_vcellid_out.txt
-b /home/nicomic/split_all/41_48/Position46/bf_vcellid.txt -f /home/nicomic/split_all/41_48/Position46/fl_vcellid.txt -o /home/nicomic/split_all/41_48/Position46/out -p /home/nicomic/split_all/41_48/Position46/parameters_vcellid_out.txt
-b /home/nicomic/split_all/31_40/Position35/bf_vcellid.txt -f /home/nicomic/split_all/31_40/Position35/fl_vcellid.txt -o /home/nicomic/split_all/31_40/Position35/out -p /home/nicomic/split_all/31_40/Position35/parameters_vcellid_out.txt
-b /home/nicomic/split_all/21_30/Position25/bf_vcellid.txt -f /home/nicomic/split_all/21_30/Position25/fl_vcellid.txt -o /home/nicomic/split_all/21_30/Position25/out -p /home/nicomic/split_all/21_30/Position25/parameters_vcellid_out.txt
-b /home/nicomic/split_all/41_48/Position47/bf_vcellid.txt -f /home/nicomic/split_all/41_48/Position47/fl_vcellid.txt -o /home/nicomic/split_all/41_48/Position47/out -p /home/nicomic/split_all/41_48/Position47/parameters_vcellid_out.txt
-b /home/nicomic/split_all/01_10/Position05/bf_vcellid.txt -f /home/nicomic/split_all/01_10/Position05/fl_vcellid.txt -o /home/nicomic/split_all/01_10/Position05/out -p /home/nicomic/split_all/01_10/Position05/parameters_vcellid_out.txt
-b /home/nicomic/split_all/31_40/Position36/bf_vcellid.txt -f /home/nicomic/split_all/31_40/Position36/fl_vcellid.txt -o /home/nicomic/split_all/31_40/Position36/out -p /home/nicomic/split_all/31_40/Position36/parameters_vcellid_out.txt
-b /home/nicomic/split_all/11_20/Position15/bf_vcellid.txt -f /home/nicomic/split_all/11_20/Position15/fl_vcellid.txt -o /home/nicomic/split_all/11_20/Position15/out -p /home/nicomic/split_all/11_20/Position15/parameters_vcellid_out.txt
-b /home/nicomic/split_all/21_30/Position26/bf_vcellid.txt -f /home/nicomic/split_all/21_30/Position26/fl_vcellid.txt -o /home/nicomic/split_all/21_30/Position26/out -p /home/nicomic/split_all/21_30/Position26/parameters_vcellid_out.txt
-b /home/nicomic/split_all/31_40/Position37/bf_vcellid.txt -f /home/nicomic/split_all/31_40/Position37/fl_vcellid.txt -o /home/nicomic/split_all/31_40/Position37/out -p /home/nicomic/split_all/31_40/Position37/parameters_vcellid_out.txt
-b /home/nicomic/split_all/41_48/Position48/bf_vcellid.txt -f /home/nicomic/split_all/41_48/Position48/fl_vcellid.txt -o /home/nicomic/split_all/41_48/Position48/out -p /home/nicomic/split_all/41_48/Position48/parameters_vcellid_out.txt
-b /home/nicomic/split_all/01_10/Position06/bf_vcellid.txt -f /home/nicomic/split_all/01_10/Position06/fl_vcellid.txt -o /home/nicomic/split_all/01_10/Position06/out -p /home/nicomic/split_all/01_10/Position06/parameters_vcellid_out.txt
-b /home/nicomic/split_all/11_20/Position16/bf_vcellid.txt -f /home/nicomic/split_all/11_20/Position16/fl_vcellid.txt -o /home/nicomic/split_all/11_20/Position16/out -p /home/nicomic/split_all/11_20/Position16/parameters_vcellid_out.txt
-b /home/nicomic/split_all/21_30/Position27/bf_vcellid.txt -f /home/nicomic/split_all/21_30/Position27/fl_vcellid.txt -o /home/nicomic/split_all/21_30/Position27/out -p /home/nicomic/split_all/21_30/Position27/parameters_vcellid_out.txt
-b /home/nicomic/split_all/31_40/Position38/bf_vcellid.txt -f /home/nicomic/split_all/31_40/Position38/fl_vcellid.txt -o /home/nicomic/split_all/31_40/Position38/out -p /home/nicomic/split_all/31_40/Position38/parameters_vcellid_out.txt
-b /home/nicomic/split_all/01_10/Position07/bf_vcellid.txt -f /home/nicomic/split_all/01_10/Position07/fl_vcellid.txt -o /home/nicomic/split_all/01_10/Position07/out -p /home/nicomic/split_all/01_10/Position07/parameters_vcellid_out.txt
-b /home/nicomic/split_all/31_40/Position39/bf_vcellid.txt -f /home/nicomic/split_all/31_40/Position39/fl_vcellid.txt -o /home/nicomic/split_all/31_40/Position39/out -p /home/nicomic/split_all/31_40/Position39/parameters_vcellid_out.txt
-b /home/nicomic/split_all/21_30/Position28/bf_vcellid.txt -f /home/nicomic/split_all/21_30/Position28/fl_vcellid.txt -o /home/nicomic/split_all/21_30/Position28/out -p /home/nicomic/split_all/21_30/Position28/parameters_vcellid_out.txt
-b /home/nicomic/split_all/11_20/Position17/bf_vcellid.txt -f /home/nicomic/split_all/11_20/Position17/fl_vcellid.txt -o /home/nicomic/split_all/11_20/Position17/out -p /home/nicomic/split_all/11_20/Position17/parameters_vcellid_out.txt
-b /home/nicomic/split_all/21_30/Position29/bf_vcellid.txt -f /home/nicomic/split_all/21_30/Position29/fl_vcellid.txt -o /home/nicomic/split_all/21_30/Position29/out -p /home/nicomic/split_all/21_30/Position29/parameters_vcellid_out.txt
-b /home/nicomic/split_all/01_10/Position08/bf_vcellid.txt -f /home/nicomic/split_all/01_10/Position08/fl_vcellid.txt -o /home/nicomic/split_all/01_10/Position08/out -p /home/nicomic/split_all/01_10/Position08/parameters_vcellid_out.txt
-b /home/nicomic/split_all/31_40/Position40/bf_vcellid.txt -f /home/nicomic/split_all/31_40/Position40/fl_vcellid.txt -o /home/nicomic/split_all/31_40/Position40/out -p /home/nicomic/split_all/31_40/Position40/parameters_vcellid_out.txt
-b /home/nicomic/split_all/11_20/Position18/bf_vcellid.txt -f /home/nicomic/split_all/11_20/Position18/fl_vcellid.txt -o /home/nicomic/split_all/11_20/Position18/out -p /home/nicomic/split_all/11_20/Position18/parameters_vcellid_out.txt
-b /home/nicomic/split_all/21_30/Position30/bf_vcellid.txt -f /home/nicomic/split_all/21_30/Position30/fl_vcellid.txt -o /home/nicomic/split_all/21_30/Position30/out -p /home/nicomic/split_all/21_30/Position30/parameters_vcellid_out.txt
-b /home/nicomic/split_all/01_10/Position09/bf_vcellid.txt -f /home/nicomic/split_all/01_10/Position09/fl_vcellid.txt -o /home/nicomic/split_all/01_10/Position09/out -p /home/nicomic/split_all/01_10/Position09/parameters_vcellid_out.txt
-b /home/nicomic/split_all/11_20/Position19/bf_vcellid.txt -f /home/nicomic/split_all/11_20/Position19/fl_vcellid.txt -o /home/nicomic/split_all/11_20/Position19/out -p /home/nicomic/split_all/11_20/Position19/parameters_vcellid_out.txt
-b /home/nicomic/split_all/01_10/Position10/bf_vcellid.txt -f /home/nicomic/split_all/01_10/Position10/fl_vcellid.txt -o /home/nicomic/split_all/01_10/Position10/out -p /home/nicomic/split_all/01_10/Position10/parameters_vcellid_out.txt
-b /home/nicomic/split_all/11_20/Position20/bf_vcellid.txt -f /home/nicomic/split_all/11_20/Position20/fl_vcellid.txt -o /home/nicomic/split_all/11_20/Position20/out -p /home/nicomic/split_all/11_20/Position20/parameters_vcellid_out.txt
-b /tmp/VCell9547/bf_vctest.txt -f /tmp/VCell9547/fl_vctest.txt -o /tmp/VCell9547/out -p /tmp/VCell9547/parameters.txt --bf-as-fl
-b /home/nicomic/Position02_test/Position02/bf_vcellid.txt -f /home/nicomic/Position02_test/Position02/fl_vcellid.txt -o /home/nicomic/Position02_test/Position02/out -p /home/nicomic/Position02_test/Position02/parameters_vcellid_out.txt
-b /tmp/VCell9547/bf_vctest.txt -f /tmp/VCell9547/fl_vctest.txt -o /tmp/VCell9547/out -p /tmp/VCell9547/parameters.txt --bf-as-fl
-b /tmp/VCell9547/bf_vctest.txt -f /tmp/VCell9547/fl_vctest.txt -o /tmp/VCell9547/out -p /tmp/VCell9547/parameters.txt --bf-as-fl
